::1 - - [05/Feb/2026:15:26:05 +0000] "GET /api/rooms HTTP/1.1" 200 3344 "-" "node"
::1 - - [05/Feb/2026:15:26:20 +0000] "GET /api/rooms HTTP/1.1" 304 - "http://localhost:3000/" "Mozilla/5.0 (Macintosh; Intel Mac OS X 10_15_7) AppleWebKit/537.36 (KHTML, like Gecko) Chrome/144.0.0.0 Safari/537.36"
::1 - - [05/Feb/2026:15:26:20 +0000] "GET /api/rooms HTTP/1.1" 304 - "http://localhost:3000/" "Mozilla/5.0 (Macintosh; Intel Mac OS X 10_15_7) AppleWebKit/537.36 (KHTML, like Gecko) Chrome/144.0.0.0 Safari/537.36"
::1 - - [05/Feb/2026:15:26:24 +0000] "GET /api/rooms HTTP/1.1" 304 - "http://localhost:3000/" "Mozilla/5.0 (Macintosh; Intel Mac OS X 10_15_7) AppleWebKit/537.36 (KHTML, like Gecko) Chrome/144.0.0.0 Safari/537.36"
::1 - - [05/Feb/2026:15:26:24 +0000] "POST /api/traveler/viewed-rooms HTTP/1.1" 403 43 "http://localhost:3000/" "Mozilla/5.0 (Macintosh; Intel Mac OS X 10_15_7) AppleWebKit/537.36 (KHTML, like Gecko) Chrome/144.0.0.0 Safari/537.36"
::1 - - [05/Feb/2026:15:26:33 +0000] "GET /api/rooms HTTP/1.1" 304 - "http://localhost:3000/" "Mozilla/5.0 (Macintosh; Intel Mac OS X 10_15_7) AppleWebKit/537.36 (KHTML, like Gecko) Chrome/144.0.0.0 Safari/537.36"
::1 - - [05/Feb/2026:15:26:33 +0000] "GET /api/rooms HTTP/1.1" 304 - "http://localhost:3000/" "Mozilla/5.0 (Macintosh; Intel Mac OS X 10_15_7) AppleWebKit/537.36 (KHTML, like Gecko) Chrome/144.0.0.0 Safari/537.36"
::1 - - [05/Feb/2026:15:32:28 +0000] "GET /api/rooms HTTP/1.1" 304 - "http://localhost:3000/" "Mozilla/5.0 (Macintosh; Intel Mac OS X 10_15_7) AppleWebKit/537.36 (KHTML, like Gecko) Chrome/144.0.0.0 Safari/537.36"
::1 - - [05/Feb/2026:15:32:28 +0000] "POST /api/traveler/viewed-rooms HTTP/1.1" 403 43 "http://localhost:3000/" "Mozilla/5.0 (Macintosh; Intel Mac OS X 10_15_7) AppleWebKit/537.36 (KHTML, like Gecko) Chrome/144.0.0.0 Safari/537.36"
::1 - - [06/Feb/2026:02:27:17 +0000] "GET /api/rooms HTTP/1.1" 200 3344 "-" "node"
::1 - - [06/Feb/2026:02:27:29 +0000] "GET /api/rooms HTTP/1.1" 200 3344 "http://localhost:3000/" "Mozilla/5.0 (Macintosh; Intel Mac OS X 10_15_7) AppleWebKit/605.1.15 (KHTML, like Gecko) Version/26.2 Safari/605.1.15"
::1 - - [06/Feb/2026:02:27:30 +0000] "GET /api/rooms HTTP/1.1" 200 3344 "http://localhost:3000/" "Mozilla/5.0 (Macintosh; Intel Mac OS X 10_15_7) AppleWebKit/605.1.15 (KHTML, like Gecko) Version/26.2 Safari/605.1.15"
::1 - - [06/Feb/2026:03:28:03 +0000] "GET /api/rooms HTTP/1.1" - - "http://localhost:3000/" "Mozilla/5.0 (Macintosh; Intel Mac OS X 10_15_7) AppleWebKit/605.1.15 (KHTML, like Gecko) Version/26.2 Safari/605.1.15"
::1 - - [06/Feb/2026:03:28:03 +0000] "GET /api/rooms HTTP/1.1" - - "http://localhost:3000/" "Mozilla/5.0 (Macintosh; Intel Mac OS X 10_15_7) AppleWebKit/605.1.15 (KHTML, like Gecko) Version/26.2 Safari/605.1.15"
::1 - - [06/Feb/2026:03:28:22 +0000] "GET /api/bookings/summarys HTTP/1.1" 500 91 "http://localhost:3000/" "Mozilla/5.0 (Macintosh; Intel Mac OS X 10_15_7) AppleWebKit/605.1.15 (KHTML, like Gecko) Version/26.2 Safari/605.1.15"
::1 - - [06/Feb/2026:03:28:22 +0000] "GET /api/rooms/count HTTP/1.1" 500 139 "http://localhost:3000/" "Mozilla/5.0 (Macintosh; Intel Mac OS X 10_15_7) AppleWebKit/605.1.15 (KHTML, like Gecko) Version/26.2 Safari/605.1.15"
::1 - - [06/Feb/2026:03:28:22 +0000] "GET /api/new-customers HTTP/1.1" 500 90 "http://localhost:3000/" "Mozilla/5.0 (Macintosh; Intel Mac OS X 10_15_7) AppleWebKit/605.1.15 (KHTML, like Gecko) Version/26.2 Safari/605.1.15"
::1 - - [06/Feb/2026:03:28:22 +0000] "GET /api/recent-activities HTTP/1.1" 500 89 "http://localhost:3000/" "Mozilla/5.0 (Macintosh; Intel Mac OS X 10_15_7) AppleWebKit/605.1.15 (KHTML, like Gecko) Version/26.2 Safari/605.1.15"
::1 - - [06/Feb/2026:03:28:22 +0000] "GET /api/revenue HTTP/1.1" 500 89 "http://localhost:3000/" "Mozilla/5.0 (Macintosh; Intel Mac OS X 10_15_7) AppleWebKit/605.1.15 (KHTML, like Gecko) Version/26.2 Safari/605.1.15"
::1 - - [06/Feb/2026:03:28:22 +0000] "GET /api/bookings/summary HTTP/1.1" 500 89 "http://localhost:3000/" "Mozilla/5.0 (Macintosh; Intel Mac OS X 10_15_7) AppleWebKit/605.1.15 (KHTML, like Gecko) Version/26.2 Safari/605.1.15"
::1 - - [06/Feb/2026:03:28:23 +0000] "GET /api/rooms HTTP/1.1" 500 52 "-" "node"
::1 - - [06/Feb/2026:03:28:33 +0000] "GET /api/revenue HTTP/1.1" 200 183 "http://localhost:3000/" "Mozilla/5.0 (Macintosh; Intel Mac OS X 10_15_7) AppleWebKit/605.1.15 (KHTML, like Gecko) Version/26.2 Safari/605.1.15"
::1 - - [06/Feb/2026:03:28:35 +0000] "GET /api/recent-activities HTTP/1.1" - - "http://localhost:3000/" "Mozilla/5.0 (Macintosh; Intel Mac OS X 10_15_7) AppleWebKit/605.1.15 (KHTML, like Gecko) Version/26.2 Safari/605.1.15"
::1 - - [06/Feb/2026:03:28:35 +0000] "GET /api/rooms/count HTTP/1.1" - - "http://localhost:3000/" "Mozilla/5.0 (Macintosh; Intel Mac OS X 10_15_7) AppleWebKit/605.1.15 (KHTML, like Gecko) Version/26.2 Safari/605.1.15"
::1 - - [06/Feb/2026:03:28:35 +0000] "GET /api/new-customers HTTP/1.1" - - "http://localhost:3000/" "Mozilla/5.0 (Macintosh; Intel Mac OS X 10_15_7) AppleWebKit/605.1.15 (KHTML, like Gecko) Version/26.2 Safari/605.1.15"
::1 - - [06/Feb/2026:03:28:35 +0000] "GET /api/bookings/summary HTTP/1.1" - - "http://localhost:3000/" "Mozilla/5.0 (Macintosh; Intel Mac OS X 10_15_7) AppleWebKit/605.1.15 (KHTML, like Gecko) Version/26.2 Safari/605.1.15"
::1 - - [06/Feb/2026:03:28:35 +0000] "GET /api/bookings/summarys HTTP/1.1" - - "http://localhost:3000/" "Mozilla/5.0 (Macintosh; Intel Mac OS X 10_15_7) AppleWebKit/605.1.15 (KHTML, like Gecko) Version/26.2 Safari/605.1.15"
::1 - - [06/Feb/2026:03:28:38 +0000] "GET /api/revenue HTTP/1.1" 304 - "http://localhost:3000/" "Mozilla/5.0 (Macintosh; Intel Mac OS X 10_15_7) AppleWebKit/605.1.15 (KHTML, like Gecko) Version/26.2 Safari/605.1.15"
::1 - - [06/Feb/2026:03:28:38 +0000] "GET /api/bookings/summary HTTP/1.1" 200 262 "http://localhost:3000/" "Mozilla/5.0 (Macintosh; Intel Mac OS X 10_15_7) AppleWebKit/605.1.15 (KHTML, like Gecko) Version/26.2 Safari/605.1.15"
::1 - - [06/Feb/2026:03:28:40 +0000] "GET /api/bookings/summarys HTTP/1.1" - - "http://localhost:3000/" "Mozilla/5.0 (Macintosh; Intel Mac OS X 10_15_7) AppleWebKit/605.1.15 (KHTML, like Gecko) Version/26.2 Safari/605.1.15"
::1 - - [06/Feb/2026:03:28:40 +0000] "GET /api/recent-activities HTTP/1.1" - - "http://localhost:3000/" "Mozilla/5.0 (Macintosh; Intel Mac OS X 10_15_7) AppleWebKit/605.1.15 (KHTML, like Gecko) Version/26.2 Safari/605.1.15"
::1 - - [06/Feb/2026:03:28:40 +0000] "GET /api/rooms/count HTTP/1.1" - - "http://localhost:3000/" "Mozilla/5.0 (Macintosh; Intel Mac OS X 10_15_7) AppleWebKit/605.1.15 (KHTML, like Gecko) Version/26.2 Safari/605.1.15"
::1 - - [06/Feb/2026:03:28:40 +0000] "GET /api/new-customers HTTP/1.1" - - "http://localhost:3000/" "Mozilla/5.0 (Macintosh; Intel Mac OS X 10_15_7) AppleWebKit/605.1.15 (KHTML, like Gecko) Version/26.2 Safari/605.1.15"
::1 - - [06/Feb/2026:03:28:41 +0000] "GET /api/revenue HTTP/1.1" 304 - "http://localhost:3000/" "Mozilla/5.0 (Macintosh; Intel Mac OS X 10_15_7) AppleWebKit/605.1.15 (KHTML, like Gecko) Version/26.2 Safari/605.1.15"
::1 - - [06/Feb/2026:03:28:43 +0000] "GET /api/bookings/summarys HTTP/1.1" 200 2717 "http://localhost:3000/" "Mozilla/5.0 (Macintosh; Intel Mac OS X 10_15_7) AppleWebKit/605.1.15 (KHTML, like Gecko) Version/26.2 Safari/605.1.15"
::1 - - [06/Feb/2026:03:28:47 +0000] "GET /api/new-customers HTTP/1.1" - - "http://localhost:3000/" "Mozilla/5.0 (Macintosh; Intel Mac OS X 10_15_7) AppleWebKit/605.1.15 (KHTML, like Gecko) Version/26.2 Safari/605.1.15"
::1 - - [06/Feb/2026:03:28:47 +0000] "GET /api/rooms/count HTTP/1.1" - - "http://localhost:3000/" "Mozilla/5.0 (Macintosh; Intel Mac OS X 10_15_7) AppleWebKit/605.1.15 (KHTML, like Gecko) Version/26.2 Safari/605.1.15"
::1 - - [06/Feb/2026:03:28:47 +0000] "GET /api/recent-activities HTTP/1.1" - - "http://localhost:3000/" "Mozilla/5.0 (Macintosh; Intel Mac OS X 10_15_7) AppleWebKit/605.1.15 (KHTML, like Gecko) Version/26.2 Safari/605.1.15"
::1 - - [06/Feb/2026:03:28:47 +0000] "GET /api/bookings/summary HTTP/1.1" - - "http://localhost:3000/" "Mozilla/5.0 (Macintosh; Intel Mac OS X 10_15_7) AppleWebKit/605.1.15 (KHTML, like Gecko) Version/26.2 Safari/605.1.15"
::1 - - [06/Feb/2026:03:28:51 +0000] "GET /api/new-customers HTTP/1.1" 200 1107 "http://localhost:3000/" "Mozilla/5.0 (Macintosh; Intel Mac OS X 10_15_7) AppleWebKit/605.1.15 (KHTML, like Gecko) Version/26.2 Safari/605.1.15"
::1 - - [06/Feb/2026:03:28:51 +0000] "GET /api/bookings/summarys HTTP/1.1" 304 - "http://localhost:3000/" "Mozilla/5.0 (Macintosh; Intel Mac OS X 10_15_7) AppleWebKit/605.1.15 (KHTML, like Gecko) Version/26.2 Safari/605.1.15"
::1 - - [06/Feb/2026:03:28:51 +0000] "GET /api/revenue HTTP/1.1" 304 - "http://localhost:3000/" "Mozilla/5.0 (Macintosh; Intel Mac OS X 10_15_7) AppleWebKit/605.1.15 (KHTML, like Gecko) Version/26.2 Safari/605.1.15"
::1 - - [06/Feb/2026:03:29:02 +0000] "GET /api/rooms/count HTTP/1.1" 200 361 "http://localhost:3000/" "Mozilla/5.0 (Macintosh; Intel Mac OS X 10_15_7) AppleWebKit/605.1.15 (KHTML, like Gecko) Version/26.2 Safari/605.1.15"
::1 - - [06/Feb/2026:03:29:11 +0000] "GET /api/recent-activities HTTP/1.1" 200 1947 "http://localhost:3000/" "Mozilla/5.0 (Macintosh; Intel Mac OS X 10_15_7) AppleWebKit/605.1.15 (KHTML, like Gecko) Version/26.2 Safari/605.1.15"
::1 - - [06/Feb/2026:03:29:11 +0000] "GET /api/bookings/summary HTTP/1.1" 200 262 "http://localhost:3000/" "Mozilla/5.0 (Macintosh; Intel Mac OS X 10_15_7) AppleWebKit/605.1.15 (KHTML, like Gecko) Version/26.2 Safari/605.1.15"
::1 - - [06/Feb/2026:03:29:22 +0000] "GET /api/rooms HTTP/1.1" 200 3344 "http://localhost:3000/" "Mozilla/5.0 (Macintosh; Intel Mac OS X 10_15_7) AppleWebKit/605.1.15 (KHTML, like Gecko) Version/26.2 Safari/605.1.15"
::1 - - [06/Feb/2026:03:29:29 +0000] "GET /api/rooms/host/jaswanth.m23@iiits.in HTTP/1.1" 200 6923 "http://localhost:3000/" "Mozilla/5.0 (Macintosh; Intel Mac OS X 10_15_7) AppleWebKit/605.1.15 (KHTML, like Gecko) Version/26.2 Safari/605.1.15"
::1 - - [06/Feb/2026:03:29:51 +0000] "GET /api/rooms HTTP/1.1" 304 - "http://localhost:3000/" "Mozilla/5.0 (Macintosh; Intel Mac OS X 10_15_7) AppleWebKit/605.1.15 (KHTML, like Gecko) Version/26.2 Safari/605.1.15"
::1 - - [06/Feb/2026:03:29:52 +0000] "GET /api/bookings/summarys HTTP/1.1" 304 - "http://localhost:3000/" "Mozilla/5.0 (Macintosh; Intel Mac OS X 10_15_7) AppleWebKit/605.1.15 (KHTML, like Gecko) Version/26.2 Safari/605.1.15"
::1 - - [06/Feb/2026:03:29:58 +0000] "GET /api/new-customers HTTP/1.1" 304 - "http://localhost:3000/" "Mozilla/5.0 (Macintosh; Intel Mac OS X 10_15_7) AppleWebKit/605.1.15 (KHTML, like Gecko) Version/26.2 Safari/605.1.15"
::1 - - [06/Feb/2026:03:30:16 +0000] "GET /api/rooms/count HTTP/1.1" 200 361 "http://localhost:3000/" "Mozilla/5.0 (Macintosh; Intel Mac OS X 10_15_7) AppleWebKit/605.1.15 (KHTML, like Gecko) Version/26.2 Safari/605.1.15"
::1 - - [06/Feb/2026:03:30:23 +0000] "GET /api/bookings/summary HTTP/1.1" 200 262 "http://localhost:3000/" "Mozilla/5.0 (Macintosh; Intel Mac OS X 10_15_7) AppleWebKit/605.1.15 (KHTML, like Gecko) Version/26.2 Safari/605.1.15"
::1 - - [06/Feb/2026:03:30:25 +0000] "GET /api/revenue HTTP/1.1" 304 - "http://localhost:3000/" "Mozilla/5.0 (Macintosh; Intel Mac OS X 10_15_7) AppleWebKit/605.1.15 (KHTML, like Gecko) Version/26.2 Safari/605.1.15"
::1 - - [06/Feb/2026:03:30:55 +0000] "GET /api/recent-activities HTTP/1.1" 304 - "http://localhost:3000/" "Mozilla/5.0 (Macintosh; Intel Mac OS X 10_15_7) AppleWebKit/605.1.15 (KHTML, like Gecko) Version/26.2 Safari/605.1.15"
::1 - - [06/Feb/2026:03:44:29 +0000] "GET /api/rooms HTTP/1.1" 304 - "http://localhost:3000/" "Mozilla/5.0 (Macintosh; Intel Mac OS X 10_15_7) AppleWebKit/605.1.15 (KHTML, like Gecko) Version/26.2 Safari/605.1.15"
::1 - - [06/Feb/2026:03:44:31 +0000] "GET /api/rooms HTTP/1.1" 304 - "http://localhost:3000/" "Mozilla/5.0 (Macintosh; Intel Mac OS X 10_15_7) AppleWebKit/605.1.15 (KHTML, like Gecko) Version/26.2 Safari/605.1.15"
::1 - - [06/Feb/2026:03:45:21 +0000] "GET /api/bookings/summarys HTTP/1.1" 304 - "http://localhost:3000/" "Mozilla/5.0 (Macintosh; Intel Mac OS X 10_15_7) AppleWebKit/605.1.15 (KHTML, like Gecko) Version/26.2 Safari/605.1.15"
::1 - - [06/Feb/2026:03:45:21 +0000] "GET /api/revenue HTTP/1.1" 304 - "http://localhost:3000/" "Mozilla/5.0 (Macintosh; Intel Mac OS X 10_15_7) AppleWebKit/605.1.15 (KHTML, like Gecko) Version/26.2 Safari/605.1.15"
::1 - - [06/Feb/2026:03:45:21 +0000] "GET /api/new-customers HTTP/1.1" 304 - "http://localhost:3000/" "Mozilla/5.0 (Macintosh; Intel Mac OS X 10_15_7) AppleWebKit/605.1.15 (KHTML, like Gecko) Version/26.2 Safari/605.1.15"
::1 - - [06/Feb/2026:03:45:24 +0000] "GET /api/rooms/count HTTP/1.1" 200 361 "http://localhost:3000/" "Mozilla/5.0 (Macintosh; Intel Mac OS X 10_15_7) AppleWebKit/605.1.15 (KHTML, like Gecko) Version/26.2 Safari/605.1.15"
::1 - - [06/Feb/2026:03:45:24 +0000] "GET /api/bookings/summary HTTP/1.1" 200 262 "http://localhost:3000/" "Mozilla/5.0 (Macintosh; Intel Mac OS X 10_15_7) AppleWebKit/605.1.15 (KHTML, like Gecko) Version/26.2 Safari/605.1.15"
::1 - - [06/Feb/2026:03:45:25 +0000] "GET /api/recent-activities HTTP/1.1" 304 - "http://localhost:3000/" "Mozilla/5.0 (Macintosh; Intel Mac OS X 10_15_7) AppleWebKit/605.1.15 (KHTML, like Gecko) Version/26.2 Safari/605.1.15"
